{"/Users/nusafox/Desktop/newsApp/newsApp/App.js": {"path":"/Users/nusafox/Desktop/newsApp/newsApp/App.js","statementMap":{"0":{"start":{"line":9,"column":4},"end":{"line":9,"column":17}},"1":{"start":{"line":10,"column":4},"end":{"line":10,"column":35}},"2":{"start":{"line":13,"column":4},"end":{"line":17,"column":7}},"3":{"start":{"line":18,"column":4},"end":{"line":18,"column":38}},"4":{"start":{"line":21,"column":4},"end":{"line":33,"column":5}},"5":{"start":{"line":22,"column":6},"end":{"line":26,"column":8}},"6":{"start":{"line":28,"column":6},"end":{"line":32,"column":8}}},"fnMap":{"0":{"name":"(anonymous_0)","decl":{"start":{"line":8,"column":2},"end":{"line":8,"column":3}},"loc":{"start":{"line":8,"column":21},"end":{"line":11,"column":3}},"line":8},"1":{"name":"(anonymous_1)","decl":{"start":{"line":12,"column":0},"end":{"line":12,"column":1}},"loc":{"start":{"line":12,"column":26},"end":{"line":19,"column":3}},"line":12},"2":{"name":"(anonymous_2)","decl":{"start":{"line":20,"column":2},"end":{"line":20,"column":3}},"loc":{"start":{"line":20,"column":11},"end":{"line":34,"column":3}},"line":20}},"branchMap":{"0":{"loc":{"start":{"line":21,"column":4},"end":{"line":33,"column":5}},"type":"if","locations":[{"start":{"line":21,"column":4},"end":{"line":33,"column":5}},{"start":{"line":21,"column":4},"end":{"line":33,"column":5}}],"line":21}},"s":{"0":1,"1":1,"2":1,"3":0,"4":1,"5":1,"6":0},"f":{"0":1,"1":1,"2":1},"b":{"0":[1,0]},"_coverageSchema":"43e27e138ebf9cfc5966b082cf9a028302ed4184","hash":"dc065a59ac0254b0349442fbec19c67ea61366d3"}
,"/Users/nusafox/Desktop/newsApp/newsApp/assets/fonts/Lobster-Regular.ttf": {"path":"/Users/nusafox/Desktop/newsApp/newsApp/assets/fonts/Lobster-Regular.ttf","statementMap":{"0":{"start":{"line":1,"column":0},"end":{"line":1,"column":19}}},"fnMap":{},"branchMap":{},"s":{"0":1},"f":{},"b":{},"_coverageSchema":"43e27e138ebf9cfc5966b082cf9a028302ed4184","hash":"18e892a965c5b321ff56cdaebca48224137ee210"}
,"/Users/nusafox/Desktop/newsApp/newsApp/src/components/modal.js": {"path":"/Users/nusafox/Desktop/newsApp/newsApp/src/components/modal.js","statementMap":{"0":{"start":{"line":26,"column":22},"end":{"line":26,"column":57}},"1":{"start":{"line":30,"column":4},"end":{"line":30,"column":17}},"2":{"start":{"line":33,"column":16},"end":{"line":35,"column":3}},"3":{"start":{"line":34,"column":4},"end":{"line":34,"column":32}},"4":{"start":{"line":37,"column":16},"end":{"line":44,"column":3}},"5":{"start":{"line":38,"column":27},"end":{"line":38,"column":49}},"6":{"start":{"line":39,"column":4},"end":{"line":39,"column":91}},"7":{"start":{"line":40,"column":4},"end":{"line":43,"column":6}},"8":{"start":{"line":47,"column":4},"end":{"line":51,"column":6}},"9":{"start":{"line":54,"column":4},"end":{"line":57,"column":7}},"10":{"start":{"line":61,"column":24},"end":{"line":61,"column":54}},"11":{"start":{"line":62,"column":39},"end":{"line":62,"column":49}},"12":{"start":{"line":63,"column":20},"end":{"line":63,"column":31}},"13":{"start":{"line":64,"column":4},"end":{"line":123,"column":5}},"14":{"start":{"line":65,"column":6},"end":{"line":120,"column":8}},"15":{"start":{"line":113,"column":18},"end":{"line":113,"column":47}},"16":{"start":{"line":122,"column":6},"end":{"line":122,"column":18}}},"fnMap":{"0":{"name":"(anonymous_0)","decl":{"start":{"line":29,"column":2},"end":{"line":29,"column":3}},"loc":{"start":{"line":29,"column":21},"end":{"line":31,"column":3}},"line":29},"1":{"name":"(anonymous_1)","decl":{"start":{"line":33,"column":16},"end":{"line":33,"column":17}},"loc":{"start":{"line":33,"column":22},"end":{"line":35,"column":3}},"line":33},"2":{"name":"(anonymous_2)","decl":{"start":{"line":37,"column":16},"end":{"line":37,"column":17}},"loc":{"start":{"line":37,"column":22},"end":{"line":44,"column":3}},"line":37},"3":{"name":"(anonymous_3)","decl":{"start":{"line":46,"column":2},"end":{"line":46,"column":3}},"loc":{"start":{"line":46,"column":19},"end":{"line":52,"column":3}},"line":46},"4":{"name":"(anonymous_4)","decl":{"start":{"line":53,"column":2},"end":{"line":53,"column":3}},"loc":{"start":{"line":53,"column":22},"end":{"line":58,"column":3}},"line":53},"5":{"name":"(anonymous_5)","decl":{"start":{"line":60,"column":2},"end":{"line":60,"column":3}},"loc":{"start":{"line":60,"column":11},"end":{"line":124,"column":3}},"line":60},"6":{"name":"(anonymous_6)","decl":{"start":{"line":112,"column":31},"end":{"line":112,"column":32}},"loc":{"start":{"line":112,"column":37},"end":{"line":114,"column":17}},"line":112}},"branchMap":{"0":{"loc":{"start":{"line":64,"column":4},"end":{"line":123,"column":5}},"type":"if","locations":[{"start":{"line":64,"column":4},"end":{"line":123,"column":5}},{"start":{"line":64,"column":4},"end":{"line":123,"column":5}}],"line":64},"1":{"loc":{"start":{"line":88,"column":24},"end":{"line":88,"column":73}},"type":"cond-expr","locations":[{"start":{"line":88,"column":51},"end":{"line":88,"column":66}},{"start":{"line":88,"column":69},"end":{"line":88,"column":73}}],"line":88}},"s":{"0":4,"1":3,"2":3,"3":0,"4":3,"5":0,"6":0,"7":0,"8":0,"9":3,"10":6,"11":6,"12":6,"13":6,"14":0,"15":0,"16":6},"f":{"0":3,"1":0,"2":0,"3":0,"4":3,"5":6,"6":0},"b":{"0":[0,6],"1":[0,0]},"_coverageSchema":"43e27e138ebf9cfc5966b082cf9a028302ed4184","hash":"10c5523b52d11e82d4a64ed2fd90867054e2f691"}
,"/Users/nusafox/Desktop/newsApp/newsApp/src/components/newsItem.js": {"path":"/Users/nusafox/Desktop/newsApp/newsApp/src/components/newsItem.js","statementMap":{"0":{"start":{"line":16,"column":4},"end":{"line":16,"column":17}},"1":{"start":{"line":17,"column":4},"end":{"line":17,"column":27}},"2":{"start":{"line":20,"column":16},"end":{"line":23,"column":3}},"3":{"start":{"line":21,"column":27},"end":{"line":21,"column":36}},"4":{"start":{"line":22,"column":4},"end":{"line":22,"column":39}},"5":{"start":{"line":26,"column":4},"end":{"line":56,"column":6}}},"fnMap":{"0":{"name":"(anonymous_0)","decl":{"start":{"line":15,"column":2},"end":{"line":15,"column":3}},"loc":{"start":{"line":15,"column":21},"end":{"line":18,"column":3}},"line":15},"1":{"name":"(anonymous_1)","decl":{"start":{"line":20,"column":16},"end":{"line":20,"column":17}},"loc":{"start":{"line":20,"column":22},"end":{"line":23,"column":3}},"line":20},"2":{"name":"(anonymous_2)","decl":{"start":{"line":25,"column":2},"end":{"line":25,"column":3}},"loc":{"start":{"line":25,"column":11},"end":{"line":57,"column":3}},"line":25}},"branchMap":{"0":{"loc":{"start":{"line":34,"column":16},"end":{"line":36,"column":624}},"type":"cond-expr","locations":[{"start":{"line":35,"column":20},"end":{"line":35,"column":40}},{"start":{"line":36,"column":20},"end":{"line":36,"column":624}}],"line":34}},"s":{"0":0,"1":0,"2":0,"3":0,"4":0,"5":0},"f":{"0":0,"1":0,"2":0},"b":{"0":[0,0]},"_coverageSchema":"43e27e138ebf9cfc5966b082cf9a028302ed4184","hash":"6dfdd58b635dc48eef2b1a817dfd6765c55a283c"}
,"/Users/nusafox/Desktop/newsApp/newsApp/src/components/time.js": {"path":"/Users/nusafox/Desktop/newsApp/newsApp/src/components/time.js","statementMap":{"0":{"start":{"line":11,"column":8},"end":{"line":11,"column":21}},"1":{"start":{"line":12,"column":8},"end":{"line":12,"column":31}},"2":{"start":{"line":16,"column":21},"end":{"line":16,"column":66}},"3":{"start":{"line":17,"column":8},"end":{"line":19,"column":10}}},"fnMap":{"0":{"name":"(anonymous_0)","decl":{"start":{"line":10,"column":4},"end":{"line":10,"column":5}},"loc":{"start":{"line":10,"column":23},"end":{"line":13,"column":5}},"line":10},"1":{"name":"(anonymous_1)","decl":{"start":{"line":15,"column":4},"end":{"line":15,"column":5}},"loc":{"start":{"line":15,"column":13},"end":{"line":20,"column":5}},"line":15}},"branchMap":{"0":{"loc":{"start":{"line":16,"column":29},"end":{"line":16,"column":54}},"type":"binary-expr","locations":[{"start":{"line":16,"column":29},"end":{"line":16,"column":38}},{"start":{"line":16,"column":42},"end":{"line":16,"column":54}}],"line":16}},"s":{"0":0,"1":0,"2":0,"3":0},"f":{"0":0,"1":0},"b":{"0":[0,0]},"_coverageSchema":"43e27e138ebf9cfc5966b082cf9a028302ed4184","hash":"8e07461aeaf862a67344a65e4d16de9cb4177617"}
,"/Users/nusafox/Desktop/newsApp/newsApp/src/config/config_api.js": {"path":"/Users/nusafox/Desktop/newsApp/newsApp/src/config/config_api.js","statementMap":{"0":{"start":{"line":2,"column":28},"end":{"line":2,"column":66}},"1":{"start":{"line":3,"column":28},"end":{"line":3,"column":32}},"2":{"start":{"line":4,"column":24},"end":{"line":4,"column":33}},"3":{"start":{"line":5,"column":24},"end":{"line":5,"column":58}}},"fnMap":{},"branchMap":{},"s":{"0":3,"1":3,"2":3,"3":3},"f":{},"b":{},"_coverageSchema":"43e27e138ebf9cfc5966b082cf9a028302ed4184","hash":"06db59ca0272ceadbbd213172e3a43fa33b905ad"}
,"/Users/nusafox/Desktop/newsApp/newsApp/src/screens/Tabscreen.js": {"path":"/Users/nusafox/Desktop/newsApp/newsApp/src/screens/Tabscreen.js","statementMap":{"0":{"start":{"line":26,"column":24},"end":{"line":26,"column":54}},"1":{"start":{"line":27,"column":4},"end":{"line":81,"column":6}}},"fnMap":{"0":{"name":"(anonymous_0)","decl":{"start":{"line":25,"column":2},"end":{"line":25,"column":3}},"loc":{"start":{"line":25,"column":11},"end":{"line":82,"column":3}},"line":25}},"branchMap":{},"s":{"0":0,"1":0},"f":{"0":0},"b":{},"_coverageSchema":"43e27e138ebf9cfc5966b082cf9a028302ed4184","hash":"f7af6d3ba1069d175cab85162638e83de913faeb"}
,"/Users/nusafox/Desktop/newsApp/newsApp/src/screens/tabs/tab-one.js": {"path":"/Users/nusafox/Desktop/newsApp/newsApp/src/screens/tabs/tab-one.js","statementMap":{"0":{"start":{"line":25,"column":4},"end":{"line":25,"column":17}},"1":{"start":{"line":27,"column":4},"end":{"line":36,"column":6}},"2":{"start":{"line":39,"column":15},"end":{"line":44,"column":3}},"3":{"start":{"line":40,"column":4},"end":{"line":40,"column":40}},"4":{"start":{"line":41,"column":4},"end":{"line":43,"column":7}},"5":{"start":{"line":42,"column":6},"end":{"line":42,"column":43}},"6":{"start":{"line":46,"column":26},"end":{"line":51,"column":3}},"7":{"start":{"line":47,"column":4},"end":{"line":50,"column":7}},"8":{"start":{"line":53,"column":21},"end":{"line":58,"column":3}},"9":{"start":{"line":54,"column":4},"end":{"line":57,"column":7}},"10":{"start":{"line":60,"column":11},"end":{"line":70,"column":3}},"11":{"start":{"line":61,"column":4},"end":{"line":61,"column":46}},"12":{"start":{"line":63,"column":23},"end":{"line":67,"column":6}},"13":{"start":{"line":64,"column":6},"end":{"line":66,"column":8}},"14":{"start":{"line":69,"column":4},"end":{"line":69,"column":50}},"15":{"start":{"line":74,"column":4},"end":{"line":74,"column":21}},"16":{"start":{"line":77,"column":15},"end":{"line":89,"column":3}},"17":{"start":{"line":78,"column":4},"end":{"line":88,"column":6}},"18":{"start":{"line":80,"column":8},"end":{"line":83,"column":11}},"19":{"start":{"line":86,"column":8},"end":{"line":86,"column":54}},"20":{"start":{"line":92,"column":4},"end":{"line":92,"column":21}},"21":{"start":{"line":93,"column":4},"end":{"line":93,"column":106}},"22":{"start":{"line":99,"column":24},"end":{"line":99,"column":55}},"23":{"start":{"line":100,"column":15},"end":{"line":177,"column":5}},"24":{"start":{"line":141,"column":38},"end":{"line":141,"column":55}},"25":{"start":{"line":163,"column":41},"end":{"line":163,"column":61}},"26":{"start":{"line":165,"column":12},"end":{"line":171,"column":14}},"27":{"start":{"line":169,"column":40},"end":{"line":169,"column":47}},"28":{"start":{"line":178,"column":4},"end":{"line":187,"column":6}}},"fnMap":{"0":{"name":"(anonymous_0)","decl":{"start":{"line":24,"column":2},"end":{"line":24,"column":3}},"loc":{"start":{"line":24,"column":21},"end":{"line":37,"column":3}},"line":24},"1":{"name":"(anonymous_1)","decl":{"start":{"line":39,"column":15},"end":{"line":39,"column":16}},"loc":{"start":{"line":39,"column":21},"end":{"line":44,"column":3}},"line":39},"2":{"name":"(anonymous_2)","decl":{"start":{"line":41,"column":23},"end":{"line":41,"column":24}},"loc":{"start":{"line":41,"column":29},"end":{"line":43,"column":5}},"line":41},"3":{"name":"(anonymous_3)","decl":{"start":{"line":46,"column":26},"end":{"line":46,"column":27}},"loc":{"start":{"line":46,"column":43},"end":{"line":51,"column":3}},"line":46},"4":{"name":"(anonymous_4)","decl":{"start":{"line":53,"column":21},"end":{"line":53,"column":22}},"loc":{"start":{"line":53,"column":27},"end":{"line":58,"column":3}},"line":53},"5":{"name":"(anonymous_5)","decl":{"start":{"line":60,"column":11},"end":{"line":60,"column":12}},"loc":{"start":{"line":60,"column":27},"end":{"line":70,"column":3}},"line":60},"6":{"name":"(anonymous_6)","decl":{"start":{"line":63,"column":46},"end":{"line":63,"column":47}},"loc":{"start":{"line":63,"column":62},"end":{"line":67,"column":5}},"line":63},"7":{"name":"(anonymous_7)","decl":{"start":{"line":73,"column":2},"end":{"line":73,"column":3}},"loc":{"start":{"line":73,"column":29},"end":{"line":75,"column":3}},"line":73},"8":{"name":"(anonymous_8)","decl":{"start":{"line":77,"column":15},"end":{"line":77,"column":16}},"loc":{"start":{"line":77,"column":21},"end":{"line":89,"column":3}},"line":77},"9":{"name":"(anonymous_9)","decl":{"start":{"line":79,"column":6},"end":{"line":79,"column":7}},"loc":{"start":{"line":79,"column":16},"end":{"line":84,"column":7}},"line":79},"10":{"name":"(anonymous_10)","decl":{"start":{"line":85,"column":6},"end":{"line":85,"column":7}},"loc":{"start":{"line":85,"column":17},"end":{"line":87,"column":7}},"line":85},"11":{"name":"(anonymous_11)","decl":{"start":{"line":91,"column":2},"end":{"line":91,"column":3}},"loc":{"start":{"line":91,"column":22},"end":{"line":94,"column":3}},"line":91},"12":{"name":"(anonymous_12)","decl":{"start":{"line":98,"column":2},"end":{"line":98,"column":3}},"loc":{"start":{"line":98,"column":11},"end":{"line":188,"column":3}},"line":98},"13":{"name":"(anonymous_13)","decl":{"start":{"line":141,"column":28},"end":{"line":141,"column":29}},"loc":{"start":{"line":141,"column":38},"end":{"line":141,"column":55}},"line":141},"14":{"name":"(anonymous_14)","decl":{"start":{"line":163,"column":24},"end":{"line":163,"column":25}},"loc":{"start":{"line":163,"column":41},"end":{"line":163,"column":61}},"line":163},"15":{"name":"(anonymous_15)","decl":{"start":{"line":164,"column":21},"end":{"line":164,"column":22}},"loc":{"start":{"line":164,"column":31},"end":{"line":172,"column":11}},"line":164},"16":{"name":"(anonymous_16)","decl":{"start":{"line":169,"column":30},"end":{"line":169,"column":31}},"loc":{"start":{"line":169,"column":40},"end":{"line":169,"column":47}},"line":169}},"branchMap":{"0":{"loc":{"start":{"line":65,"column":8},"end":{"line":65,"column":80}},"type":"binary-expr","locations":[{"start":{"line":65,"column":8},"end":{"line":65,"column":39}},{"start":{"line":65,"column":43},"end":{"line":65,"column":80}}],"line":65},"1":{"loc":{"start":{"line":100,"column":15},"end":{"line":177,"column":5}},"type":"cond-expr","locations":[{"start":{"line":101,"column":6},"end":{"line":107,"column":11}},{"start":{"line":109,"column":6},"end":{"line":176,"column":13}}],"line":100},"2":{"loc":{"start":{"line":159,"column":12},"end":{"line":161,"column":31}},"type":"cond-expr","locations":[{"start":{"line":160,"column":16},"end":{"line":160,"column":39}},{"start":{"line":161,"column":16},"end":{"line":161,"column":31}}],"line":159},"3":{"loc":{"start":{"line":159,"column":12},"end":{"line":159,"column":73}},"type":"binary-expr","locations":[{"start":{"line":159,"column":12},"end":{"line":159,"column":35}},{"start":{"line":159,"column":39},"end":{"line":159,"column":73}}],"line":159}},"s":{"0":3,"1":3,"2":3,"3":4,"4":4,"5":0,"6":3,"7":0,"8":3,"9":0,"10":3,"11":1,"12":1,"13":0,"14":1,"15":3,"16":3,"17":4,"18":0,"19":0,"20":3,"21":3,"22":6,"23":6,"24":0,"25":0,"26":0,"27":0,"28":6},"f":{"0":3,"1":4,"2":0,"3":0,"4":0,"5":1,"6":0,"7":3,"8":4,"9":0,"10":0,"11":3,"12":6,"13":0,"14":0,"15":0,"16":0},"b":{"0":[0,0],"1":[6,0],"2":[0,0],"3":[0,0]},"_coverageSchema":"43e27e138ebf9cfc5966b082cf9a028302ed4184","hash":"04241f1c0f64aae2f8d6107ac4449b8fc66559f3"}
,"/Users/nusafox/Desktop/newsApp/newsApp/src/screens/tabs/tab-three.js": {"path":"/Users/nusafox/Desktop/newsApp/newsApp/src/screens/tabs/tab-three.js","statementMap":{"0":{"start":{"line":24,"column":4},"end":{"line":24,"column":17}},"1":{"start":{"line":26,"column":4},"end":{"line":35,"column":6}},"2":{"start":{"line":38,"column":15},"end":{"line":43,"column":3}},"3":{"start":{"line":39,"column":4},"end":{"line":39,"column":40}},"4":{"start":{"line":40,"column":4},"end":{"line":42,"column":7}},"5":{"start":{"line":41,"column":6},"end":{"line":41,"column":43}},"6":{"start":{"line":45,"column":26},"end":{"line":50,"column":3}},"7":{"start":{"line":46,"column":4},"end":{"line":49,"column":7}},"8":{"start":{"line":52,"column":21},"end":{"line":57,"column":3}},"9":{"start":{"line":53,"column":4},"end":{"line":56,"column":7}},"10":{"start":{"line":59,"column":11},"end":{"line":69,"column":3}},"11":{"start":{"line":60,"column":4},"end":{"line":60,"column":46}},"12":{"start":{"line":62,"column":23},"end":{"line":66,"column":6}},"13":{"start":{"line":63,"column":6},"end":{"line":65,"column":8}},"14":{"start":{"line":68,"column":4},"end":{"line":68,"column":50}},"15":{"start":{"line":73,"column":4},"end":{"line":73,"column":21}},"16":{"start":{"line":76,"column":15},"end":{"line":88,"column":3}},"17":{"start":{"line":77,"column":4},"end":{"line":87,"column":6}},"18":{"start":{"line":79,"column":8},"end":{"line":82,"column":11}},"19":{"start":{"line":85,"column":8},"end":{"line":85,"column":54}},"20":{"start":{"line":91,"column":4},"end":{"line":91,"column":21}},"21":{"start":{"line":92,"column":4},"end":{"line":92,"column":106}},"22":{"start":{"line":97,"column":25},"end":{"line":97,"column":56}},"23":{"start":{"line":98,"column":16},"end":{"line":175,"column":5}},"24":{"start":{"line":139,"column":38},"end":{"line":139,"column":55}},"25":{"start":{"line":161,"column":41},"end":{"line":161,"column":61}},"26":{"start":{"line":163,"column":12},"end":{"line":169,"column":14}},"27":{"start":{"line":167,"column":40},"end":{"line":167,"column":47}},"28":{"start":{"line":176,"column":4},"end":{"line":185,"column":6}}},"fnMap":{"0":{"name":"(anonymous_0)","decl":{"start":{"line":23,"column":2},"end":{"line":23,"column":3}},"loc":{"start":{"line":23,"column":21},"end":{"line":36,"column":3}},"line":23},"1":{"name":"(anonymous_1)","decl":{"start":{"line":38,"column":15},"end":{"line":38,"column":16}},"loc":{"start":{"line":38,"column":21},"end":{"line":43,"column":3}},"line":38},"2":{"name":"(anonymous_2)","decl":{"start":{"line":40,"column":35},"end":{"line":40,"column":36}},"loc":{"start":{"line":40,"column":41},"end":{"line":42,"column":5}},"line":40},"3":{"name":"(anonymous_3)","decl":{"start":{"line":45,"column":26},"end":{"line":45,"column":27}},"loc":{"start":{"line":45,"column":43},"end":{"line":50,"column":3}},"line":45},"4":{"name":"(anonymous_4)","decl":{"start":{"line":52,"column":21},"end":{"line":52,"column":22}},"loc":{"start":{"line":52,"column":27},"end":{"line":57,"column":3}},"line":52},"5":{"name":"(anonymous_5)","decl":{"start":{"line":59,"column":11},"end":{"line":59,"column":12}},"loc":{"start":{"line":59,"column":27},"end":{"line":69,"column":3}},"line":59},"6":{"name":"(anonymous_6)","decl":{"start":{"line":62,"column":46},"end":{"line":62,"column":47}},"loc":{"start":{"line":62,"column":62},"end":{"line":66,"column":5}},"line":62},"7":{"name":"(anonymous_7)","decl":{"start":{"line":72,"column":2},"end":{"line":72,"column":3}},"loc":{"start":{"line":72,"column":29},"end":{"line":74,"column":3}},"line":72},"8":{"name":"(anonymous_8)","decl":{"start":{"line":76,"column":15},"end":{"line":76,"column":16}},"loc":{"start":{"line":76,"column":21},"end":{"line":88,"column":3}},"line":76},"9":{"name":"(anonymous_9)","decl":{"start":{"line":78,"column":6},"end":{"line":78,"column":7}},"loc":{"start":{"line":78,"column":16},"end":{"line":83,"column":7}},"line":78},"10":{"name":"(anonymous_10)","decl":{"start":{"line":84,"column":6},"end":{"line":84,"column":7}},"loc":{"start":{"line":84,"column":17},"end":{"line":86,"column":7}},"line":84},"11":{"name":"(anonymous_11)","decl":{"start":{"line":90,"column":2},"end":{"line":90,"column":3}},"loc":{"start":{"line":90,"column":22},"end":{"line":93,"column":3}},"line":90},"12":{"name":"(anonymous_12)","decl":{"start":{"line":96,"column":2},"end":{"line":96,"column":3}},"loc":{"start":{"line":96,"column":11},"end":{"line":186,"column":3}},"line":96},"13":{"name":"(anonymous_13)","decl":{"start":{"line":139,"column":28},"end":{"line":139,"column":29}},"loc":{"start":{"line":139,"column":38},"end":{"line":139,"column":55}},"line":139},"14":{"name":"(anonymous_14)","decl":{"start":{"line":161,"column":24},"end":{"line":161,"column":25}},"loc":{"start":{"line":161,"column":41},"end":{"line":161,"column":61}},"line":161},"15":{"name":"(anonymous_15)","decl":{"start":{"line":162,"column":21},"end":{"line":162,"column":22}},"loc":{"start":{"line":162,"column":31},"end":{"line":170,"column":11}},"line":162},"16":{"name":"(anonymous_16)","decl":{"start":{"line":167,"column":30},"end":{"line":167,"column":31}},"loc":{"start":{"line":167,"column":40},"end":{"line":167,"column":47}},"line":167}},"branchMap":{"0":{"loc":{"start":{"line":64,"column":8},"end":{"line":64,"column":80}},"type":"binary-expr","locations":[{"start":{"line":64,"column":8},"end":{"line":64,"column":39}},{"start":{"line":64,"column":43},"end":{"line":64,"column":80}}],"line":64},"1":{"loc":{"start":{"line":98,"column":16},"end":{"line":175,"column":5}},"type":"cond-expr","locations":[{"start":{"line":99,"column":7},"end":{"line":105,"column":12}},{"start":{"line":107,"column":6},"end":{"line":174,"column":13}}],"line":98},"2":{"loc":{"start":{"line":157,"column":12},"end":{"line":159,"column":31}},"type":"cond-expr","locations":[{"start":{"line":158,"column":16},"end":{"line":158,"column":39}},{"start":{"line":159,"column":16},"end":{"line":159,"column":31}}],"line":157},"3":{"loc":{"start":{"line":157,"column":12},"end":{"line":157,"column":73}},"type":"binary-expr","locations":[{"start":{"line":157,"column":12},"end":{"line":157,"column":35}},{"start":{"line":157,"column":39},"end":{"line":157,"column":73}}],"line":157}},"s":{"0":0,"1":0,"2":0,"3":0,"4":0,"5":0,"6":0,"7":0,"8":0,"9":0,"10":0,"11":0,"12":0,"13":0,"14":0,"15":0,"16":0,"17":0,"18":0,"19":0,"20":0,"21":0,"22":0,"23":0,"24":0,"25":0,"26":0,"27":0,"28":0},"f":{"0":0,"1":0,"2":0,"3":0,"4":0,"5":0,"6":0,"7":0,"8":0,"9":0,"10":0,"11":0,"12":0,"13":0,"14":0,"15":0,"16":0},"b":{"0":[0,0],"1":[0,0],"2":[0,0],"3":[0,0]},"_coverageSchema":"43e27e138ebf9cfc5966b082cf9a028302ed4184","hash":"a5d9a930dee79195808852f687d34b9782dc964f"}
,"/Users/nusafox/Desktop/newsApp/newsApp/src/screens/tabs/tab-two.js": {"path":"/Users/nusafox/Desktop/newsApp/newsApp/src/screens/tabs/tab-two.js","statementMap":{"0":{"start":{"line":24,"column":4},"end":{"line":24,"column":17}},"1":{"start":{"line":26,"column":4},"end":{"line":35,"column":6}},"2":{"start":{"line":38,"column":15},"end":{"line":43,"column":3}},"3":{"start":{"line":39,"column":4},"end":{"line":39,"column":40}},"4":{"start":{"line":40,"column":4},"end":{"line":42,"column":7}},"5":{"start":{"line":41,"column":6},"end":{"line":41,"column":43}},"6":{"start":{"line":45,"column":26},"end":{"line":50,"column":3}},"7":{"start":{"line":46,"column":4},"end":{"line":49,"column":7}},"8":{"start":{"line":52,"column":21},"end":{"line":57,"column":3}},"9":{"start":{"line":53,"column":4},"end":{"line":56,"column":7}},"10":{"start":{"line":59,"column":11},"end":{"line":69,"column":3}},"11":{"start":{"line":60,"column":4},"end":{"line":60,"column":46}},"12":{"start":{"line":62,"column":23},"end":{"line":66,"column":6}},"13":{"start":{"line":63,"column":6},"end":{"line":65,"column":8}},"14":{"start":{"line":68,"column":4},"end":{"line":68,"column":50}},"15":{"start":{"line":73,"column":4},"end":{"line":73,"column":21}},"16":{"start":{"line":76,"column":15},"end":{"line":88,"column":3}},"17":{"start":{"line":77,"column":4},"end":{"line":87,"column":6}},"18":{"start":{"line":79,"column":8},"end":{"line":82,"column":11}},"19":{"start":{"line":85,"column":8},"end":{"line":85,"column":54}},"20":{"start":{"line":91,"column":4},"end":{"line":91,"column":21}},"21":{"start":{"line":92,"column":4},"end":{"line":92,"column":106}},"22":{"start":{"line":96,"column":25},"end":{"line":96,"column":56}},"23":{"start":{"line":97,"column":16},"end":{"line":174,"column":5}},"24":{"start":{"line":138,"column":38},"end":{"line":138,"column":55}},"25":{"start":{"line":160,"column":45},"end":{"line":160,"column":65}},"26":{"start":{"line":162,"column":16},"end":{"line":168,"column":18}},"27":{"start":{"line":166,"column":44},"end":{"line":166,"column":51}},"28":{"start":{"line":176,"column":4},"end":{"line":185,"column":6}}},"fnMap":{"0":{"name":"(anonymous_0)","decl":{"start":{"line":23,"column":2},"end":{"line":23,"column":3}},"loc":{"start":{"line":23,"column":21},"end":{"line":36,"column":3}},"line":23},"1":{"name":"(anonymous_1)","decl":{"start":{"line":38,"column":15},"end":{"line":38,"column":16}},"loc":{"start":{"line":38,"column":21},"end":{"line":43,"column":3}},"line":38},"2":{"name":"(anonymous_2)","decl":{"start":{"line":40,"column":33},"end":{"line":40,"column":34}},"loc":{"start":{"line":40,"column":39},"end":{"line":42,"column":5}},"line":40},"3":{"name":"(anonymous_3)","decl":{"start":{"line":45,"column":26},"end":{"line":45,"column":27}},"loc":{"start":{"line":45,"column":43},"end":{"line":50,"column":3}},"line":45},"4":{"name":"(anonymous_4)","decl":{"start":{"line":52,"column":21},"end":{"line":52,"column":22}},"loc":{"start":{"line":52,"column":27},"end":{"line":57,"column":3}},"line":52},"5":{"name":"(anonymous_5)","decl":{"start":{"line":59,"column":11},"end":{"line":59,"column":12}},"loc":{"start":{"line":59,"column":27},"end":{"line":69,"column":3}},"line":59},"6":{"name":"(anonymous_6)","decl":{"start":{"line":62,"column":46},"end":{"line":62,"column":47}},"loc":{"start":{"line":62,"column":62},"end":{"line":66,"column":5}},"line":62},"7":{"name":"(anonymous_7)","decl":{"start":{"line":72,"column":2},"end":{"line":72,"column":3}},"loc":{"start":{"line":72,"column":29},"end":{"line":74,"column":3}},"line":72},"8":{"name":"(anonymous_8)","decl":{"start":{"line":76,"column":15},"end":{"line":76,"column":16}},"loc":{"start":{"line":76,"column":21},"end":{"line":88,"column":3}},"line":76},"9":{"name":"(anonymous_9)","decl":{"start":{"line":78,"column":6},"end":{"line":78,"column":7}},"loc":{"start":{"line":78,"column":16},"end":{"line":83,"column":7}},"line":78},"10":{"name":"(anonymous_10)","decl":{"start":{"line":84,"column":6},"end":{"line":84,"column":7}},"loc":{"start":{"line":84,"column":17},"end":{"line":86,"column":7}},"line":84},"11":{"name":"(anonymous_11)","decl":{"start":{"line":90,"column":2},"end":{"line":90,"column":3}},"loc":{"start":{"line":90,"column":22},"end":{"line":93,"column":3}},"line":90},"12":{"name":"(anonymous_12)","decl":{"start":{"line":95,"column":2},"end":{"line":95,"column":3}},"loc":{"start":{"line":95,"column":11},"end":{"line":186,"column":3}},"line":95},"13":{"name":"(anonymous_13)","decl":{"start":{"line":138,"column":28},"end":{"line":138,"column":29}},"loc":{"start":{"line":138,"column":38},"end":{"line":138,"column":55}},"line":138},"14":{"name":"(anonymous_14)","decl":{"start":{"line":160,"column":28},"end":{"line":160,"column":29}},"loc":{"start":{"line":160,"column":45},"end":{"line":160,"column":65}},"line":160},"15":{"name":"(anonymous_15)","decl":{"start":{"line":161,"column":25},"end":{"line":161,"column":26}},"loc":{"start":{"line":161,"column":35},"end":{"line":169,"column":15}},"line":161},"16":{"name":"(anonymous_16)","decl":{"start":{"line":166,"column":34},"end":{"line":166,"column":35}},"loc":{"start":{"line":166,"column":44},"end":{"line":166,"column":51}},"line":166}},"branchMap":{"0":{"loc":{"start":{"line":64,"column":8},"end":{"line":64,"column":80}},"type":"binary-expr","locations":[{"start":{"line":64,"column":8},"end":{"line":64,"column":39}},{"start":{"line":64,"column":43},"end":{"line":64,"column":80}}],"line":64},"1":{"loc":{"start":{"line":97,"column":16},"end":{"line":174,"column":5}},"type":"cond-expr","locations":[{"start":{"line":98,"column":7},"end":{"line":104,"column":12}},{"start":{"line":106,"column":6},"end":{"line":173,"column":13}}],"line":97},"2":{"loc":{"start":{"line":156,"column":16},"end":{"line":158,"column":35}},"type":"cond-expr","locations":[{"start":{"line":157,"column":20},"end":{"line":157,"column":43}},{"start":{"line":158,"column":20},"end":{"line":158,"column":35}}],"line":156},"3":{"loc":{"start":{"line":156,"column":16},"end":{"line":156,"column":77}},"type":"binary-expr","locations":[{"start":{"line":156,"column":16},"end":{"line":156,"column":39}},{"start":{"line":156,"column":43},"end":{"line":156,"column":77}}],"line":156}},"s":{"0":0,"1":0,"2":0,"3":0,"4":0,"5":0,"6":0,"7":0,"8":0,"9":0,"10":0,"11":0,"12":0,"13":0,"14":0,"15":0,"16":0,"17":0,"18":0,"19":0,"20":0,"21":0,"22":0,"23":0,"24":0,"25":0,"26":0,"27":0,"28":0},"f":{"0":0,"1":0,"2":0,"3":0,"4":0,"5":0,"6":0,"7":0,"8":0,"9":0,"10":0,"11":0,"12":0,"13":0,"14":0,"15":0,"16":0},"b":{"0":[0,0],"1":[0,0],"2":[0,0],"3":[0,0]},"_coverageSchema":"43e27e138ebf9cfc5966b082cf9a028302ed4184","hash":"aabecd29f3930d00704485e6ce68e3d3b0d8b7ec"}
,"/Users/nusafox/Desktop/newsApp/newsApp/src/service/news.js": {"path":"/Users/nusafox/Desktop/newsApp/newsApp/src/service/news.js","statementMap":{"0":{"start":{"line":6,"column":4},"end":{"line":20,"column":5}},"1":{"start":{"line":7,"column":23},"end":{"line":11,"column":10}},"2":{"start":{"line":13,"column":21},"end":{"line":13,"column":42}},"3":{"start":{"line":14,"column":8},"end":{"line":14,"column":24}},"4":{"start":{"line":16,"column":8},"end":{"line":16,"column":31}},"5":{"start":{"line":19,"column":8},"end":{"line":19,"column":20}}},"fnMap":{"0":{"name":"getArticles","decl":{"start":{"line":4,"column":22},"end":{"line":4,"column":33}},"loc":{"start":{"line":4,"column":54},"end":{"line":21,"column":1}},"line":4}},"branchMap":{"0":{"loc":{"start":{"line":4,"column":34},"end":{"line":4,"column":52}},"type":"default-arg","locations":[{"start":{"line":4,"column":43},"end":{"line":4,"column":52}}],"line":4}},"s":{"0":8,"1":8,"2":0,"3":0,"4":0,"5":8},"f":{"0":8},"b":{"0":[8]},"_coverageSchema":"43e27e138ebf9cfc5966b082cf9a028302ed4184","hash":"3677d171e6b45bcfb71c3d96f52d394dbf94abb2"}
}
