TN:
SF:/Users/nusafox/Desktop/newsApp/newsApp/App.js
FN:8,(anonymous_0)
FN:12,(anonymous_1)
FN:20,(anonymous_2)
FNF:3
FNH:3
FNDA:1,(anonymous_0)
FNDA:1,(anonymous_1)
FNDA:1,(anonymous_2)
DA:9,1
DA:10,1
DA:13,1
DA:18,0
DA:21,1
DA:22,1
DA:28,0
LF:7
LH:5
BRDA:21,0,0,1
BRDA:21,0,1,0
BRF:2
BRH:1
end_of_record
TN:
SF:/Users/nusafox/Desktop/newsApp/newsApp/assets/fonts/Lobster-Regular.ttf
FNF:0
FNH:0
DA:1,1
LF:1
LH:1
BRF:0
BRH:0
end_of_record
TN:
SF:/Users/nusafox/Desktop/newsApp/newsApp/src/components/modal.js
FN:29,(anonymous_0)
FN:33,(anonymous_1)
FN:37,(anonymous_2)
FN:46,(anonymous_3)
FN:53,(anonymous_4)
FN:60,(anonymous_5)
FN:112,(anonymous_6)
FNF:7
FNH:3
FNDA:3,(anonymous_0)
FNDA:0,(anonymous_1)
FNDA:0,(anonymous_2)
FNDA:0,(anonymous_3)
FNDA:3,(anonymous_4)
FNDA:6,(anonymous_5)
FNDA:0,(anonymous_6)
DA:26,4
DA:30,3
DA:33,3
DA:34,0
DA:37,3
DA:38,0
DA:39,0
DA:40,0
DA:47,0
DA:54,3
DA:61,6
DA:62,6
DA:63,6
DA:64,6
DA:65,0
DA:113,0
DA:122,6
LF:17
LH:10
BRDA:64,0,0,0
BRDA:64,0,1,6
BRDA:88,1,0,0
BRDA:88,1,1,0
BRF:4
BRH:1
end_of_record
TN:
SF:/Users/nusafox/Desktop/newsApp/newsApp/src/components/newsItem.js
FN:15,(anonymous_0)
FN:20,(anonymous_1)
FN:25,(anonymous_2)
FNF:3
FNH:0
FNDA:0,(anonymous_0)
FNDA:0,(anonymous_1)
FNDA:0,(anonymous_2)
DA:16,0
DA:17,0
DA:20,0
DA:21,0
DA:22,0
DA:26,0
LF:6
LH:0
BRDA:34,0,0,0
BRDA:34,0,1,0
BRF:2
BRH:0
end_of_record
TN:
SF:/Users/nusafox/Desktop/newsApp/newsApp/src/components/time.js
FN:10,(anonymous_0)
FN:15,(anonymous_1)
FNF:2
FNH:0
FNDA:0,(anonymous_0)
FNDA:0,(anonymous_1)
DA:11,0
DA:12,0
DA:16,0
DA:17,0
LF:4
LH:0
BRDA:16,0,0,0
BRDA:16,0,1,0
BRF:2
BRH:0
end_of_record
TN:
SF:/Users/nusafox/Desktop/newsApp/newsApp/src/config/config_api.js
FNF:0
FNH:0
DA:2,3
DA:3,3
DA:4,3
DA:5,3
LF:4
LH:4
BRF:0
BRH:0
end_of_record
TN:
SF:/Users/nusafox/Desktop/newsApp/newsApp/src/screens/Tabscreen.js
FN:25,(anonymous_0)
FNF:1
FNH:0
FNDA:0,(anonymous_0)
DA:26,0
DA:27,0
LF:2
LH:0
BRF:0
BRH:0
end_of_record
TN:
SF:/Users/nusafox/Desktop/newsApp/newsApp/src/screens/tabs/tab-one.js
FN:24,(anonymous_0)
FN:39,(anonymous_1)
FN:41,(anonymous_2)
FN:46,(anonymous_3)
FN:53,(anonymous_4)
FN:60,(anonymous_5)
FN:63,(anonymous_6)
FN:73,(anonymous_7)
FN:77,(anonymous_8)
FN:79,(anonymous_9)
FN:85,(anonymous_10)
FN:91,(anonymous_11)
FN:98,(anonymous_12)
FN:141,(anonymous_13)
FN:163,(anonymous_14)
FN:164,(anonymous_15)
FN:169,(anonymous_16)
FNF:17
FNH:7
FNDA:3,(anonymous_0)
FNDA:4,(anonymous_1)
FNDA:0,(anonymous_2)
FNDA:0,(anonymous_3)
FNDA:0,(anonymous_4)
FNDA:1,(anonymous_5)
FNDA:0,(anonymous_6)
FNDA:3,(anonymous_7)
FNDA:4,(anonymous_8)
FNDA:0,(anonymous_9)
FNDA:0,(anonymous_10)
FNDA:3,(anonymous_11)
FNDA:6,(anonymous_12)
FNDA:0,(anonymous_13)
FNDA:0,(anonymous_14)
FNDA:0,(anonymous_15)
FNDA:0,(anonymous_16)
DA:25,3
DA:27,3
DA:39,3
DA:40,4
DA:41,4
DA:42,0
DA:46,3
DA:47,0
DA:53,3
DA:54,0
DA:60,3
DA:61,1
DA:63,1
DA:64,0
DA:69,1
DA:74,3
DA:77,3
DA:78,4
DA:80,0
DA:86,0
DA:92,3
DA:93,3
DA:99,6
DA:100,6
DA:141,0
DA:163,0
DA:165,0
DA:169,0
DA:178,6
LF:29
LH:19
BRDA:65,0,0,0
BRDA:65,0,1,0
BRDA:100,1,0,6
BRDA:100,1,1,0
BRDA:159,2,0,0
BRDA:159,2,1,0
BRDA:159,3,0,0
BRDA:159,3,1,0
BRF:8
BRH:1
end_of_record
TN:
SF:/Users/nusafox/Desktop/newsApp/newsApp/src/screens/tabs/tab-three.js
FN:23,(anonymous_0)
FN:38,(anonymous_1)
FN:40,(anonymous_2)
FN:45,(anonymous_3)
FN:52,(anonymous_4)
FN:59,(anonymous_5)
FN:62,(anonymous_6)
FN:72,(anonymous_7)
FN:76,(anonymous_8)
FN:78,(anonymous_9)
FN:84,(anonymous_10)
FN:90,(anonymous_11)
FN:96,(anonymous_12)
FN:139,(anonymous_13)
FN:161,(anonymous_14)
FN:162,(anonymous_15)
FN:167,(anonymous_16)
FNF:17
FNH:0
FNDA:0,(anonymous_0)
FNDA:0,(anonymous_1)
FNDA:0,(anonymous_2)
FNDA:0,(anonymous_3)
FNDA:0,(anonymous_4)
FNDA:0,(anonymous_5)
FNDA:0,(anonymous_6)
FNDA:0,(anonymous_7)
FNDA:0,(anonymous_8)
FNDA:0,(anonymous_9)
FNDA:0,(anonymous_10)
FNDA:0,(anonymous_11)
FNDA:0,(anonymous_12)
FNDA:0,(anonymous_13)
FNDA:0,(anonymous_14)
FNDA:0,(anonymous_15)
FNDA:0,(anonymous_16)
DA:24,0
DA:26,0
DA:38,0
DA:39,0
DA:40,0
DA:41,0
DA:45,0
DA:46,0
DA:52,0
DA:53,0
DA:59,0
DA:60,0
DA:62,0
DA:63,0
DA:68,0
DA:73,0
DA:76,0
DA:77,0
DA:79,0
DA:85,0
DA:91,0
DA:92,0
DA:97,0
DA:98,0
DA:139,0
DA:161,0
DA:163,0
DA:167,0
DA:176,0
LF:29
LH:0
BRDA:64,0,0,0
BRDA:64,0,1,0
BRDA:98,1,0,0
BRDA:98,1,1,0
BRDA:157,2,0,0
BRDA:157,2,1,0
BRDA:157,3,0,0
BRDA:157,3,1,0
BRF:8
BRH:0
end_of_record
TN:
SF:/Users/nusafox/Desktop/newsApp/newsApp/src/screens/tabs/tab-two.js
FN:23,(anonymous_0)
FN:38,(anonymous_1)
FN:40,(anonymous_2)
FN:45,(anonymous_3)
FN:52,(anonymous_4)
FN:59,(anonymous_5)
FN:62,(anonymous_6)
FN:72,(anonymous_7)
FN:76,(anonymous_8)
FN:78,(anonymous_9)
FN:84,(anonymous_10)
FN:90,(anonymous_11)
FN:95,(anonymous_12)
FN:138,(anonymous_13)
FN:160,(anonymous_14)
FN:161,(anonymous_15)
FN:166,(anonymous_16)
FNF:17
FNH:0
FNDA:0,(anonymous_0)
FNDA:0,(anonymous_1)
FNDA:0,(anonymous_2)
FNDA:0,(anonymous_3)
FNDA:0,(anonymous_4)
FNDA:0,(anonymous_5)
FNDA:0,(anonymous_6)
FNDA:0,(anonymous_7)
FNDA:0,(anonymous_8)
FNDA:0,(anonymous_9)
FNDA:0,(anonymous_10)
FNDA:0,(anonymous_11)
FNDA:0,(anonymous_12)
FNDA:0,(anonymous_13)
FNDA:0,(anonymous_14)
FNDA:0,(anonymous_15)
FNDA:0,(anonymous_16)
DA:24,0
DA:26,0
DA:38,0
DA:39,0
DA:40,0
DA:41,0
DA:45,0
DA:46,0
DA:52,0
DA:53,0
DA:59,0
DA:60,0
DA:62,0
DA:63,0
DA:68,0
DA:73,0
DA:76,0
DA:77,0
DA:79,0
DA:85,0
DA:91,0
DA:92,0
DA:96,0
DA:97,0
DA:138,0
DA:160,0
DA:162,0
DA:166,0
DA:176,0
LF:29
LH:0
BRDA:64,0,0,0
BRDA:64,0,1,0
BRDA:97,1,0,0
BRDA:97,1,1,0
BRDA:156,2,0,0
BRDA:156,2,1,0
BRDA:156,3,0,0
BRDA:156,3,1,0
BRF:8
BRH:0
end_of_record
TN:
SF:/Users/nusafox/Desktop/newsApp/newsApp/src/service/news.js
FN:4,getArticles
FNF:1
FNH:1
FNDA:8,getArticles
DA:6,8
DA:7,8
DA:13,0
DA:14,0
DA:16,0
DA:19,8
LF:6
LH:3
BRDA:4,0,0,8
BRF:1
BRH:1
end_of_record
